D:\CODE\FIVECHSERVER\DEBUG\FIVECHSERVER.EXE
D:\CODE\FIVECHSERVER\DEBUG\FIVECHSERVER.ILK
D:\CODE\FIVECHSERVER\DEBUG\FIVECHSERVER.PDB
D:\CODE\FIVECHSERVER\FIVECHSERVER\DEBUG\BOARD.OBJ
D:\Code\FivechServer\FivechServer\Debug\cl.command.1.tlog
D:\Code\FivechServer\FivechServer\Debug\CL.read.1.tlog
D:\Code\FivechServer\FivechServer\Debug\CL.write.1.tlog
D:\CODE\FIVECHSERVER\FIVECHSERVER\DEBUG\FIVECHSERVER.EXE.EMBED.MANIFEST
D:\CODE\FIVECHSERVER\FIVECHSERVER\DEBUG\FIVECHSERVER.EXE.EMBED.MANIFEST.RES
D:\CODE\FIVECHSERVER\FIVECHSERVER\DEBUG\FIVECHSERVER.EXE.INTERMEDIATE.MANIFEST
D:\CODE\FIVECHSERVER\FIVECHSERVER\DEBUG\FIVECHSERVER.OBJ
D:\CODE\FIVECHSERVER\FIVECHSERVER\DEBUG\FIVECHSERVER.PCH
D:\CODE\FIVECHSERVER\FIVECHSERVER\DEBUG\FIVECHSERVER.RES
D:\Code\FivechServer\FivechServer\Debug\FivechServer.vcxprojResolveAssemblyReference.cache
D:\Code\FivechServer\FivechServer\Debug\FivechServer.write.1.tlog
D:\Code\FivechServer\FivechServer\Debug\FivechServer_manifest.rc
D:\CODE\FIVECHSERVER\FIVECHSERVER\DEBUG\FIVECHSERVERDLG.OBJ
D:\Code\FivechServer\FivechServer\Debug\link.11608.read.1.tlog
D:\Code\FivechServer\FivechServer\Debug\link.11608.write.1.tlog
D:\Code\FivechServer\FivechServer\Debug\link.11608-cvtres.read.1.tlog
D:\Code\FivechServer\FivechServer\Debug\link.11608-cvtres.write.1.tlog
D:\Code\FivechServer\FivechServer\Debug\link.15940.read.1.tlog
D:\Code\FivechServer\FivechServer\Debug\link.15940.write.1.tlog
D:\Code\FivechServer\FivechServer\Debug\link.15940-cvtres.read.1.tlog
D:\Code\FivechServer\FivechServer\Debug\link.15940-cvtres.write.1.tlog
D:\Code\FivechServer\FivechServer\Debug\link.5520.read.1.tlog
D:\Code\FivechServer\FivechServer\Debug\link.5520.write.1.tlog
D:\Code\FivechServer\FivechServer\Debug\link.5520-cvtres.read.1.tlog
D:\Code\FivechServer\FivechServer\Debug\link.5520-cvtres.write.1.tlog
D:\Code\FivechServer\FivechServer\Debug\link.7236.read.1.tlog
D:\Code\FivechServer\FivechServer\Debug\link.7236.write.1.tlog
D:\Code\FivechServer\FivechServer\Debug\link.7236-cvtres.read.1.tlog
D:\Code\FivechServer\FivechServer\Debug\link.7236-cvtres.write.1.tlog
D:\Code\FivechServer\FivechServer\Debug\link.command.1.tlog
D:\Code\FivechServer\FivechServer\Debug\link.read.1.tlog
D:\Code\FivechServer\FivechServer\Debug\link.write.1.tlog
D:\Code\FivechServer\FivechServer\Debug\link-cvtres.read.1.tlog
D:\Code\FivechServer\FivechServer\Debug\link-cvtres.write.1.tlog
D:\Code\FivechServer\FivechServer\Debug\mt.command.1.tlog
D:\Code\FivechServer\FivechServer\Debug\mt.read.1.tlog
D:\Code\FivechServer\FivechServer\Debug\mt.write.1.tlog
D:\Code\FivechServer\FivechServer\Debug\rc.command.1.tlog
D:\Code\FivechServer\FivechServer\Debug\rc.read.1.tlog
D:\Code\FivechServer\FivechServer\Debug\rc.write.1.tlog
D:\CODE\FIVECHSERVER\FIVECHSERVER\DEBUG\STDAFX.OBJ
D:\Code\FivechServer\FivechServer\Debug\vc100.idb
D:\CODE\FIVECHSERVER\FIVECHSERVER\DEBUG\VC100.PDB
